[INFO ] 2016-10-01 00:17:02.084 [main] FolderStorageModuleTest - Starting test [createDirectoryTest]
[INFO ] 2016-10-01 00:17:02.088 [main] MailStorageModuleTest - Seeding
[INFO ] 2016-10-01 00:17:02.356 [main] FolderStorageModule - Connected to the database.
[INFO ] 2016-10-01 00:17:03.787 [main] FolderStorageModule - Connected to the database.
[INFO ] 2016-10-01 00:17:03.825 [main] FolderStorageModule - Connected to the database.
[INFO ] 2016-10-01 00:17:03.833 [main] FolderStorageModuleTest - Starting test [updateDirectoryTest_DuplicateDir]
[INFO ] 2016-10-01 00:17:03.834 [main] MailStorageModuleTest - Seeding
[INFO ] 2016-10-01 00:17:03.848 [main] FolderStorageModule - Connected to the database.
[INFO ] 2016-10-01 00:17:05.113 [main] FolderStorageModule - Connected to the database.
[ERROR] 2016-10-01 00:17:05.174 [main] FolderStorageModule - Such directory already exists
com.mysql.jdbc.exceptions.jdbc4.MySQLIntegrityConstraintViolationException: Duplicate entry 'trash' for key 'name'
	at sun.reflect.NativeConstructorAccessorImpl.newInstance0(Native Method) ~[?:1.8.0_91]
	at sun.reflect.NativeConstructorAccessorImpl.newInstance(NativeConstructorAccessorImpl.java:62) ~[?:1.8.0_91]
	at sun.reflect.DelegatingConstructorAccessorImpl.newInstance(DelegatingConstructorAccessorImpl.java:45) ~[?:1.8.0_91]
	at java.lang.reflect.Constructor.newInstance(Constructor.java:423) ~[?:1.8.0_91]
	at com.mysql.jdbc.Util.handleNewInstance(Util.java:404) ~[mysql-connector-java-5.1.39.jar:5.1.39]
	at com.mysql.jdbc.Util.getInstance(Util.java:387) ~[mysql-connector-java-5.1.39.jar:5.1.39]
	at com.mysql.jdbc.SQLError.createSQLException(SQLError.java:934) ~[mysql-connector-java-5.1.39.jar:5.1.39]
	at com.mysql.jdbc.MysqlIO.checkErrorPacket(MysqlIO.java:3966) ~[mysql-connector-java-5.1.39.jar:5.1.39]
	at com.mysql.jdbc.MysqlIO.checkErrorPacket(MysqlIO.java:3902) ~[mysql-connector-java-5.1.39.jar:5.1.39]
	at com.mysql.jdbc.MysqlIO.sendCommand(MysqlIO.java:2526) ~[mysql-connector-java-5.1.39.jar:5.1.39]
	at com.mysql.jdbc.MysqlIO.sqlQueryDirect(MysqlIO.java:2673) ~[mysql-connector-java-5.1.39.jar:5.1.39]
	at com.mysql.jdbc.ConnectionImpl.execSQL(ConnectionImpl.java:2549) ~[mysql-connector-java-5.1.39.jar:5.1.39]
	at com.mysql.jdbc.PreparedStatement.executeInternal(PreparedStatement.java:1861) ~[mysql-connector-java-5.1.39.jar:5.1.39]
	at com.mysql.jdbc.PreparedStatement.executeUpdateInternal(PreparedStatement.java:2073) ~[mysql-connector-java-5.1.39.jar:5.1.39]
	at com.mysql.jdbc.PreparedStatement.executeUpdateInternal(PreparedStatement.java:2009) ~[mysql-connector-java-5.1.39.jar:5.1.39]
	at com.mysql.jdbc.PreparedStatement.executeLargeUpdate(PreparedStatement.java:5098) ~[mysql-connector-java-5.1.39.jar:5.1.39]
	at com.mysql.jdbc.PreparedStatement.executeUpdate(PreparedStatement.java:1994) ~[mysql-connector-java-5.1.39.jar:5.1.39]
	at ashulzhenko.emailapp.data.FolderStorageModule.updateDirectory(FolderStorageModule.java:146) [classes/:?]
	at ashulzhenko.emailapp.data.FolderStorageModuleTest.updateDirectoryTest_DuplicateDir(FolderStorageModuleTest.java:103) [test-classes/:?]
	at sun.reflect.NativeMethodAccessorImpl.invoke0(Native Method) ~[?:1.8.0_91]
	at sun.reflect.NativeMethodAccessorImpl.invoke(NativeMethodAccessorImpl.java:62) ~[?:1.8.0_91]
	at sun.reflect.DelegatingMethodAccessorImpl.invoke(DelegatingMethodAccessorImpl.java:43) ~[?:1.8.0_91]
	at java.lang.reflect.Method.invoke(Method.java:498) ~[?:1.8.0_91]
	at org.junit.runners.model.FrameworkMethod$1.runReflectiveCall(FrameworkMethod.java:50) [junit-4.12.jar:4.12]
	at org.junit.internal.runners.model.ReflectiveCallable.run(ReflectiveCallable.java:12) [junit-4.12.jar:4.12]
	at org.junit.runners.model.FrameworkMethod.invokeExplosively(FrameworkMethod.java:47) [junit-4.12.jar:4.12]
	at org.junit.internal.runners.statements.InvokeMethod.evaluate(InvokeMethod.java:17) [junit-4.12.jar:4.12]
	at org.junit.internal.runners.statements.ExpectException.evaluate(ExpectException.java:19) [junit-4.12.jar:4.12]
	at org.junit.internal.runners.statements.RunBefores.evaluate(RunBefores.java:26) [junit-4.12.jar:4.12]
	at org.junit.rules.TestWatcher$1.evaluate(TestWatcher.java:55) [junit-4.12.jar:4.12]
	at org.junit.rules.RunRules.evaluate(RunRules.java:20) [junit-4.12.jar:4.12]
	at org.junit.runners.ParentRunner.runLeaf(ParentRunner.java:325) [junit-4.12.jar:4.12]
	at org.junit.runners.BlockJUnit4ClassRunner.runChild(BlockJUnit4ClassRunner.java:78) [junit-4.12.jar:4.12]
	at org.junit.runners.BlockJUnit4ClassRunner.runChild(BlockJUnit4ClassRunner.java:57) [junit-4.12.jar:4.12]
	at org.junit.runners.ParentRunner$3.run(ParentRunner.java:290) [junit-4.12.jar:4.12]
	at org.junit.runners.ParentRunner$1.schedule(ParentRunner.java:71) [junit-4.12.jar:4.12]
	at org.junit.runners.ParentRunner.runChildren(ParentRunner.java:288) [junit-4.12.jar:4.12]
	at org.junit.runners.ParentRunner.access$000(ParentRunner.java:58) [junit-4.12.jar:4.12]
	at org.junit.runners.ParentRunner$2.evaluate(ParentRunner.java:268) [junit-4.12.jar:4.12]
	at org.junit.runners.ParentRunner.run(ParentRunner.java:363) [junit-4.12.jar:4.12]
	at org.apache.maven.surefire.junit4.JUnit4Provider.execute(JUnit4Provider.java:367) [surefire-junit4-2.19.1.jar:2.19.1]
	at org.apache.maven.surefire.junit4.JUnit4Provider.executeWithRerun(JUnit4Provider.java:274) [surefire-junit4-2.19.1.jar:2.19.1]
	at org.apache.maven.surefire.junit4.JUnit4Provider.executeTestSet(JUnit4Provider.java:238) [surefire-junit4-2.19.1.jar:2.19.1]
	at org.apache.maven.surefire.junit4.JUnit4Provider.invoke(JUnit4Provider.java:161) [surefire-junit4-2.19.1.jar:2.19.1]
	at org.apache.maven.surefire.booter.ForkedBooter.invokeProviderInSameClassLoader(ForkedBooter.java:290) [surefire-booter-2.19.1.jar:2.19.1]
	at org.apache.maven.surefire.booter.ForkedBooter.runSuitesInProcess(ForkedBooter.java:242) [surefire-booter-2.19.1.jar:2.19.1]
	at org.apache.maven.surefire.booter.ForkedBooter.main(ForkedBooter.java:121) [surefire-booter-2.19.1.jar:2.19.1]
[INFO ] 2016-10-01 00:17:05.190 [main] FolderStorageModuleTest - Starting test [deleteDirectoryTest_DirNotExists]
[INFO ] 2016-10-01 00:17:05.191 [main] MailStorageModuleTest - Seeding
[INFO ] 2016-10-01 00:17:05.207 [main] FolderStorageModule - Connected to the database.
[INFO ] 2016-10-01 00:17:06.519 [main] FolderStorageModule - Connected to the database.
[INFO ] 2016-10-01 00:17:06.524 [main] FolderStorageModuleTest - Starting test [findAllTest]
[INFO ] 2016-10-01 00:17:06.524 [main] MailStorageModuleTest - Seeding
[INFO ] 2016-10-01 00:17:06.544 [main] FolderStorageModule - Connected to the database.
[INFO ] 2016-10-01 00:17:07.893 [main] FolderStorageModule - Connected to the database.
[INFO ] 2016-10-01 00:17:07.897 [main] FolderStorageModuleTest - Starting test [deleteDirectoryTest_InvalidArgument]
[INFO ] 2016-10-01 00:17:07.897 [main] MailStorageModuleTest - Seeding
[INFO ] 2016-10-01 00:17:07.913 [main] FolderStorageModule - Connected to the database.
[INFO ] 2016-10-01 00:17:09.127 [main] FolderStorageModuleTest - Starting test [deleteDirectoryTest]
[INFO ] 2016-10-01 00:17:09.127 [main] MailStorageModuleTest - Seeding
[INFO ] 2016-10-01 00:17:09.144 [main] FolderStorageModule - Connected to the database.
[INFO ] 2016-10-01 00:17:10.374 [main] FolderStorageModule - Connected to the database.
[INFO ] 2016-10-01 00:17:10.418 [main] FolderStorageModule - Connected to the database.
[INFO ] 2016-10-01 00:17:10.421 [main] FolderStorageModuleTest - Starting test [updateDirectoryTest]
[INFO ] 2016-10-01 00:17:10.422 [main] MailStorageModuleTest - Seeding
[INFO ] 2016-10-01 00:17:10.436 [main] FolderStorageModule - Connected to the database.
[INFO ] 2016-10-01 00:17:11.781 [main] FolderStorageModule - Connected to the database.
[INFO ] 2016-10-01 00:17:11.814 [main] FolderStorageModule - Connected to the database.
[INFO ] 2016-10-01 00:17:11.823 [main] FolderStorageModule - Connected to the database.
[INFO ] 2016-10-01 00:17:11.826 [main] FolderStorageModuleTest - Starting test [createDirectoryTest_InvalidArgument]
[INFO ] 2016-10-01 00:17:11.826 [main] MailStorageModuleTest - Seeding
[INFO ] 2016-10-01 00:17:11.837 [main] FolderStorageModule - Connected to the database.
[INFO ] 2016-10-01 00:17:14.018 [main] FolderStorageModuleTest - Starting test [updateDirectoryTest_InvalidSameValueArgument]
[INFO ] 2016-10-01 00:17:14.019 [main] MailStorageModuleTest - Seeding
[INFO ] 2016-10-01 00:17:14.036 [main] FolderStorageModule - Connected to the database.
[INFO ] 2016-10-01 00:17:15.269 [main] FolderStorageModuleTest - Starting test [updateDirectoryTest_InvalidArgument]
[INFO ] 2016-10-01 00:17:15.271 [main] MailStorageModuleTest - Seeding
[INFO ] 2016-10-01 00:17:15.285 [main] FolderStorageModule - Connected to the database.
[INFO ] 2016-10-01 00:17:16.678 [main] FolderStorageModuleTest - Starting test [createDirectoryTest_DuplicateDir]
[INFO ] 2016-10-01 00:17:16.678 [main] MailStorageModuleTest - Seeding
[INFO ] 2016-10-01 00:17:16.694 [main] FolderStorageModule - Connected to the database.
[INFO ] 2016-10-01 00:17:17.909 [main] FolderStorageModule - Connected to the database.
[ERROR] 2016-10-01 00:17:17.949 [main] FolderStorageModule - Such directory already exists
com.mysql.jdbc.exceptions.jdbc4.MySQLIntegrityConstraintViolationException: Duplicate entry 'new' for key 'name'
	at sun.reflect.NativeConstructorAccessorImpl.newInstance0(Native Method) ~[?:1.8.0_91]
	at sun.reflect.NativeConstructorAccessorImpl.newInstance(NativeConstructorAccessorImpl.java:62) ~[?:1.8.0_91]
	at sun.reflect.DelegatingConstructorAccessorImpl.newInstance(DelegatingConstructorAccessorImpl.java:45) ~[?:1.8.0_91]
	at java.lang.reflect.Constructor.newInstance(Constructor.java:423) ~[?:1.8.0_91]
	at com.mysql.jdbc.Util.handleNewInstance(Util.java:404) ~[mysql-connector-java-5.1.39.jar:5.1.39]
	at com.mysql.jdbc.Util.getInstance(Util.java:387) ~[mysql-connector-java-5.1.39.jar:5.1.39]
	at com.mysql.jdbc.SQLError.createSQLException(SQLError.java:934) ~[mysql-connector-java-5.1.39.jar:5.1.39]
	at com.mysql.jdbc.MysqlIO.checkErrorPacket(MysqlIO.java:3966) ~[mysql-connector-java-5.1.39.jar:5.1.39]
	at com.mysql.jdbc.MysqlIO.checkErrorPacket(MysqlIO.java:3902) ~[mysql-connector-java-5.1.39.jar:5.1.39]
	at com.mysql.jdbc.MysqlIO.sendCommand(MysqlIO.java:2526) ~[mysql-connector-java-5.1.39.jar:5.1.39]
	at com.mysql.jdbc.MysqlIO.sqlQueryDirect(MysqlIO.java:2673) ~[mysql-connector-java-5.1.39.jar:5.1.39]
	at com.mysql.jdbc.ConnectionImpl.execSQL(ConnectionImpl.java:2549) ~[mysql-connector-java-5.1.39.jar:5.1.39]
	at com.mysql.jdbc.PreparedStatement.executeInternal(PreparedStatement.java:1861) ~[mysql-connector-java-5.1.39.jar:5.1.39]
	at com.mysql.jdbc.PreparedStatement.executeUpdateInternal(PreparedStatement.java:2073) ~[mysql-connector-java-5.1.39.jar:5.1.39]
	at com.mysql.jdbc.PreparedStatement.executeUpdateInternal(PreparedStatement.java:2009) ~[mysql-connector-java-5.1.39.jar:5.1.39]
	at com.mysql.jdbc.PreparedStatement.executeLargeUpdate(PreparedStatement.java:5098) ~[mysql-connector-java-5.1.39.jar:5.1.39]
	at com.mysql.jdbc.PreparedStatement.executeUpdate(PreparedStatement.java:1994) ~[mysql-connector-java-5.1.39.jar:5.1.39]
	at ashulzhenko.emailapp.data.FolderStorageModule.createDirectory(FolderStorageModule.java:56) [classes/:?]
	at ashulzhenko.emailapp.data.FolderStorageModuleTest.createDirectoryTest_DuplicateDir(FolderStorageModuleTest.java:55) [test-classes/:?]
	at sun.reflect.NativeMethodAccessorImpl.invoke0(Native Method) ~[?:1.8.0_91]
	at sun.reflect.NativeMethodAccessorImpl.invoke(NativeMethodAccessorImpl.java:62) ~[?:1.8.0_91]
	at sun.reflect.DelegatingMethodAccessorImpl.invoke(DelegatingMethodAccessorImpl.java:43) ~[?:1.8.0_91]
	at java.lang.reflect.Method.invoke(Method.java:498) ~[?:1.8.0_91]
	at org.junit.runners.model.FrameworkMethod$1.runReflectiveCall(FrameworkMethod.java:50) [junit-4.12.jar:4.12]
	at org.junit.internal.runners.model.ReflectiveCallable.run(ReflectiveCallable.java:12) [junit-4.12.jar:4.12]
	at org.junit.runners.model.FrameworkMethod.invokeExplosively(FrameworkMethod.java:47) [junit-4.12.jar:4.12]
	at org.junit.internal.runners.statements.InvokeMethod.evaluate(InvokeMethod.java:17) [junit-4.12.jar:4.12]
	at org.junit.internal.runners.statements.ExpectException.evaluate(ExpectException.java:19) [junit-4.12.jar:4.12]
	at org.junit.internal.runners.statements.RunBefores.evaluate(RunBefores.java:26) [junit-4.12.jar:4.12]
	at org.junit.rules.TestWatcher$1.evaluate(TestWatcher.java:55) [junit-4.12.jar:4.12]
	at org.junit.rules.RunRules.evaluate(RunRules.java:20) [junit-4.12.jar:4.12]
	at org.junit.runners.ParentRunner.runLeaf(ParentRunner.java:325) [junit-4.12.jar:4.12]
	at org.junit.runners.BlockJUnit4ClassRunner.runChild(BlockJUnit4ClassRunner.java:78) [junit-4.12.jar:4.12]
	at org.junit.runners.BlockJUnit4ClassRunner.runChild(BlockJUnit4ClassRunner.java:57) [junit-4.12.jar:4.12]
	at org.junit.runners.ParentRunner$3.run(ParentRunner.java:290) [junit-4.12.jar:4.12]
	at org.junit.runners.ParentRunner$1.schedule(ParentRunner.java:71) [junit-4.12.jar:4.12]
	at org.junit.runners.ParentRunner.runChildren(ParentRunner.java:288) [junit-4.12.jar:4.12]
	at org.junit.runners.ParentRunner.access$000(ParentRunner.java:58) [junit-4.12.jar:4.12]
	at org.junit.runners.ParentRunner$2.evaluate(ParentRunner.java:268) [junit-4.12.jar:4.12]
	at org.junit.runners.ParentRunner.run(ParentRunner.java:363) [junit-4.12.jar:4.12]
	at org.apache.maven.surefire.junit4.JUnit4Provider.execute(JUnit4Provider.java:367) [surefire-junit4-2.19.1.jar:2.19.1]
	at org.apache.maven.surefire.junit4.JUnit4Provider.executeWithRerun(JUnit4Provider.java:274) [surefire-junit4-2.19.1.jar:2.19.1]
	at org.apache.maven.surefire.junit4.JUnit4Provider.executeTestSet(JUnit4Provider.java:238) [surefire-junit4-2.19.1.jar:2.19.1]
	at org.apache.maven.surefire.junit4.JUnit4Provider.invoke(JUnit4Provider.java:161) [surefire-junit4-2.19.1.jar:2.19.1]
	at org.apache.maven.surefire.booter.ForkedBooter.invokeProviderInSameClassLoader(ForkedBooter.java:290) [surefire-booter-2.19.1.jar:2.19.1]
	at org.apache.maven.surefire.booter.ForkedBooter.runSuitesInProcess(ForkedBooter.java:242) [surefire-booter-2.19.1.jar:2.19.1]
	at org.apache.maven.surefire.booter.ForkedBooter.main(ForkedBooter.java:121) [surefire-booter-2.19.1.jar:2.19.1]
[INFO ] 2016-10-01 00:17:17.961 [main] MailStorageModuleTest - Starting test [findEmailByIdTest]
[INFO ] 2016-10-01 00:17:17.961 [main] MailStorageModuleTest - Seeding
[INFO ] 2016-10-01 00:17:17.974 [main] MailStorageModule - Connected to the database.
[INFO ] 2016-10-01 00:17:19.187 [main] MailStorageModule - Connected to the database.
[INFO ] 2016-10-01 00:17:19.249 [main] MailStorageModuleTest - Starting test [deleteEmailTest]
[INFO ] 2016-10-01 00:17:19.250 [main] MailStorageModuleTest - Seeding
[INFO ] 2016-10-01 00:17:19.255 [main] MailStorageModule - Connected to the database.
[INFO ] 2016-10-01 00:17:20.459 [main] MailStorageModule - Connected to the database.
[INFO ] 2016-10-01 00:17:20.516 [main] MailStorageModule - Connected to the database.
[INFO ] 2016-10-01 00:17:20.520 [main] MailStorageModuleTest - Starting test [findAllInDirectoryTest]
[INFO ] 2016-10-01 00:17:20.520 [main] MailStorageModuleTest - Seeding
[INFO ] 2016-10-01 00:17:20.526 [main] MailStorageModule - Connected to the database.
[INFO ] 2016-10-01 00:17:21.768 [main] MailStorageModule - Connected to the database.
[INFO ] 2016-10-01 00:17:21.787 [main] MailStorageModuleTest - Starting test [findAllInDirectoryTest_DirNotExists]
[INFO ] 2016-10-01 00:17:21.787 [main] MailStorageModuleTest - Seeding
[INFO ] 2016-10-01 00:17:21.801 [main] MailStorageModule - Connected to the database.
[INFO ] 2016-10-01 00:17:23.066 [main] MailStorageModule - Connected to the database.
[INFO ] 2016-10-01 00:17:23.071 [main] MailStorageModuleTest - Starting test [findEmailByIdTest_NotInDb]
[INFO ] 2016-10-01 00:17:23.072 [main] MailStorageModuleTest - Seeding
[INFO ] 2016-10-01 00:17:23.088 [main] MailStorageModule - Connected to the database.
[INFO ] 2016-10-01 00:17:24.829 [main] MailStorageModule - Connected to the database.
[INFO ] 2016-10-01 00:17:24.833 [main] MailStorageModuleTest - Starting test [deleteEmailTest_InvalidArgument]
[INFO ] 2016-10-01 00:17:24.833 [main] MailStorageModuleTest - Seeding
[INFO ] 2016-10-01 00:17:24.848 [main] MailStorageModule - Connected to the database.
[INFO ] 2016-10-01 00:17:26.165 [main] MailStorageModuleTest - Starting test [findAllTest]
[INFO ] 2016-10-01 00:17:26.165 [main] MailStorageModuleTest - Seeding
[INFO ] 2016-10-01 00:17:26.180 [main] MailStorageModule - Connected to the database.
[INFO ] 2016-10-01 00:17:27.699 [main] MailStorageModule - Connected to the database.
[INFO ] 2016-10-01 00:17:27.719 [main] MailStorageModuleTest - Starting test [deleteEmailTest_IdNotExists]
[INFO ] 2016-10-01 00:17:27.719 [main] MailStorageModuleTest - Seeding
[INFO ] 2016-10-01 00:17:27.728 [main] MailStorageModule - Connected to the database.
[INFO ] 2016-10-01 00:17:29.152 [main] MailStorageModule - Connected to the database.
[INFO ] 2016-10-01 00:17:29.155 [main] MailStorageModuleTest - Starting test [saveEmailTest]
[INFO ] 2016-10-01 00:17:29.159 [main] MailStorageModuleTest - Seeding
[INFO ] 2016-10-01 00:17:29.173 [main] MailStorageModule - Connected to the database.
[INFO ] 2016-10-01 00:17:30.534 [main] MailStorageModule - Connected to the database.
[INFO ] 2016-10-01 00:17:30.972 [main] MailStorageModule - Connected to the database.
[INFO ] 2016-10-01 00:17:30.996 [main] MailStorageModuleTest - Starting test [updateEmailDirectoryTest_InvalidArgument]
[INFO ] 2016-10-01 00:17:30.996 [main] MailStorageModuleTest - Seeding
[INFO ] 2016-10-01 00:17:31.009 [main] MailStorageModule - Connected to the database.
[INFO ] 2016-10-01 00:17:32.407 [main] MailStorageModuleTest - Starting test [findEmailByIdTest_InvalidArgument]
[INFO ] 2016-10-01 00:17:32.408 [main] MailStorageModuleTest - Seeding
[INFO ] 2016-10-01 00:17:32.426 [main] MailStorageModule - Connected to the database.
[INFO ] 2016-10-01 00:17:33.996 [main] MailStorageModuleTest - Starting test [saveEmailTest_InvalidArgument]
[INFO ] 2016-10-01 00:17:33.998 [main] MailStorageModuleTest - Seeding
[INFO ] 2016-10-01 00:17:34.015 [main] MailStorageModule - Connected to the database.
[INFO ] 2016-10-01 00:17:35.448 [main] MailStorageModuleTest - Starting test [updateEmailDirectoryTest]
[INFO ] 2016-10-01 00:17:35.449 [main] MailStorageModuleTest - Seeding
[INFO ] 2016-10-01 00:17:35.465 [main] MailStorageModule - Connected to the database.
[INFO ] 2016-10-01 00:17:36.838 [main] MailStorageModule - Connected to the database.
[INFO ] 2016-10-01 00:17:36.847 [main] MailStorageModule - Connected to the database.
[INFO ] 2016-10-01 00:17:36.894 [main] MailStorageModule - Connected to the database.
[INFO ] 2016-10-01 00:17:36.898 [main] MailStorageModuleTest - Starting test [updateEmailDirectoryTest_EmailIdNotInDb]
[INFO ] 2016-10-01 00:17:36.899 [main] MailStorageModuleTest - Seeding
[INFO ] 2016-10-01 00:17:36.911 [main] MailStorageModule - Connected to the database.
[INFO ] 2016-10-01 00:17:38.225 [main] MailStorageModule - Connected to the database.
[INFO ] 2016-10-01 00:17:38.229 [main] MailStorageModuleTest - Starting test [findAllInDirectoryTest_InvalidArgument]
[INFO ] 2016-10-01 00:17:38.230 [main] MailStorageModuleTest - Seeding
[INFO ] 2016-10-01 00:17:38.242 [main] MailStorageModule - Connected to the database.
[INFO ] 2016-10-01 00:17:39.511 [main] PropertiesManagerTest - Starting test [testWriteText]
[DEBUG] 2016-10-01 00:17:39.551 [main] MailModuleExceptionsTest - in TestExceptions with no to's addresses
[DEBUG] 2016-10-01 00:17:39.553 [main] MailModuleExceptionsTest - in TestExceptions with null for cc
[DEBUG] 2016-10-01 00:17:39.554 [main] MailModuleExceptionsTest - in TestExceptions with to with invalid email
[DEBUG] 2016-10-01 00:17:39.556 [main] MailModuleExceptionsTest - in TestExceptions with cc with invalid email
[DEBUG] 2016-10-01 00:17:39.557 [main] MailModuleExceptionsTest - in TestExceptions with bcc with invalid email
[DEBUG] 2016-10-01 00:17:39.559 [main] MailModuleExceptionsTest - in TestExceptions with attachment error: file not found
[INFO ] 2016-10-01 00:18:36.507 [main] FolderStorageModuleTest - Starting test [createDirectoryTest]
[INFO ] 2016-10-01 00:18:36.512 [main] MailStorageModuleTest - Seeding
[INFO ] 2016-10-01 00:18:36.841 [main] FolderStorageModule - Connected to the database.
[INFO ] 2016-10-01 00:18:38.221 [main] FolderStorageModule - Connected to the database.
[INFO ] 2016-10-01 00:18:38.262 [main] FolderStorageModule - Connected to the database.
[INFO ] 2016-10-01 00:18:38.268 [main] FolderStorageModuleTest - Starting test [updateDirectoryTest_DuplicateDir]
[INFO ] 2016-10-01 00:18:38.268 [main] MailStorageModuleTest - Seeding
[INFO ] 2016-10-01 00:18:38.280 [main] FolderStorageModule - Connected to the database.
[INFO ] 2016-10-01 00:18:39.461 [main] FolderStorageModule - Connected to the database.
[ERROR] 2016-10-01 00:18:39.507 [main] FolderStorageModule - Such directory already exists
com.mysql.jdbc.exceptions.jdbc4.MySQLIntegrityConstraintViolationException: Duplicate entry 'trash' for key 'name'
	at sun.reflect.NativeConstructorAccessorImpl.newInstance0(Native Method) ~[?:1.8.0_91]
	at sun.reflect.NativeConstructorAccessorImpl.newInstance(NativeConstructorAccessorImpl.java:62) ~[?:1.8.0_91]
	at sun.reflect.DelegatingConstructorAccessorImpl.newInstance(DelegatingConstructorAccessorImpl.java:45) ~[?:1.8.0_91]
	at java.lang.reflect.Constructor.newInstance(Constructor.java:423) ~[?:1.8.0_91]
	at com.mysql.jdbc.Util.handleNewInstance(Util.java:404) ~[mysql-connector-java-5.1.39.jar:5.1.39]
	at com.mysql.jdbc.Util.getInstance(Util.java:387) ~[mysql-connector-java-5.1.39.jar:5.1.39]
	at com.mysql.jdbc.SQLError.createSQLException(SQLError.java:934) ~[mysql-connector-java-5.1.39.jar:5.1.39]
	at com.mysql.jdbc.MysqlIO.checkErrorPacket(MysqlIO.java:3966) ~[mysql-connector-java-5.1.39.jar:5.1.39]
	at com.mysql.jdbc.MysqlIO.checkErrorPacket(MysqlIO.java:3902) ~[mysql-connector-java-5.1.39.jar:5.1.39]
	at com.mysql.jdbc.MysqlIO.sendCommand(MysqlIO.java:2526) ~[mysql-connector-java-5.1.39.jar:5.1.39]
	at com.mysql.jdbc.MysqlIO.sqlQueryDirect(MysqlIO.java:2673) ~[mysql-connector-java-5.1.39.jar:5.1.39]
	at com.mysql.jdbc.ConnectionImpl.execSQL(ConnectionImpl.java:2549) ~[mysql-connector-java-5.1.39.jar:5.1.39]
	at com.mysql.jdbc.PreparedStatement.executeInternal(PreparedStatement.java:1861) ~[mysql-connector-java-5.1.39.jar:5.1.39]
	at com.mysql.jdbc.PreparedStatement.executeUpdateInternal(PreparedStatement.java:2073) ~[mysql-connector-java-5.1.39.jar:5.1.39]
	at com.mysql.jdbc.PreparedStatement.executeUpdateInternal(PreparedStatement.java:2009) ~[mysql-connector-java-5.1.39.jar:5.1.39]
	at com.mysql.jdbc.PreparedStatement.executeLargeUpdate(PreparedStatement.java:5098) ~[mysql-connector-java-5.1.39.jar:5.1.39]
	at com.mysql.jdbc.PreparedStatement.executeUpdate(PreparedStatement.java:1994) ~[mysql-connector-java-5.1.39.jar:5.1.39]
	at ashulzhenko.emailapp.data.FolderStorageModule.updateDirectory(FolderStorageModule.java:146) [classes/:?]
	at ashulzhenko.emailapp.data.FolderStorageModuleTest.updateDirectoryTest_DuplicateDir(FolderStorageModuleTest.java:103) [test-classes/:?]
	at sun.reflect.NativeMethodAccessorImpl.invoke0(Native Method) ~[?:1.8.0_91]
	at sun.reflect.NativeMethodAccessorImpl.invoke(NativeMethodAccessorImpl.java:62) ~[?:1.8.0_91]
	at sun.reflect.DelegatingMethodAccessorImpl.invoke(DelegatingMethodAccessorImpl.java:43) ~[?:1.8.0_91]
	at java.lang.reflect.Method.invoke(Method.java:498) ~[?:1.8.0_91]
	at org.junit.runners.model.FrameworkMethod$1.runReflectiveCall(FrameworkMethod.java:50) [junit-4.12.jar:4.12]
	at org.junit.internal.runners.model.ReflectiveCallable.run(ReflectiveCallable.java:12) [junit-4.12.jar:4.12]
	at org.junit.runners.model.FrameworkMethod.invokeExplosively(FrameworkMethod.java:47) [junit-4.12.jar:4.12]
	at org.junit.internal.runners.statements.InvokeMethod.evaluate(InvokeMethod.java:17) [junit-4.12.jar:4.12]
	at org.junit.internal.runners.statements.ExpectException.evaluate(ExpectException.java:19) [junit-4.12.jar:4.12]
	at org.junit.internal.runners.statements.RunBefores.evaluate(RunBefores.java:26) [junit-4.12.jar:4.12]
	at org.junit.rules.TestWatcher$1.evaluate(TestWatcher.java:55) [junit-4.12.jar:4.12]
	at org.junit.rules.RunRules.evaluate(RunRules.java:20) [junit-4.12.jar:4.12]
	at org.junit.runners.ParentRunner.runLeaf(ParentRunner.java:325) [junit-4.12.jar:4.12]
	at org.junit.runners.BlockJUnit4ClassRunner.runChild(BlockJUnit4ClassRunner.java:78) [junit-4.12.jar:4.12]
	at org.junit.runners.BlockJUnit4ClassRunner.runChild(BlockJUnit4ClassRunner.java:57) [junit-4.12.jar:4.12]
	at org.junit.runners.ParentRunner$3.run(ParentRunner.java:290) [junit-4.12.jar:4.12]
	at org.junit.runners.ParentRunner$1.schedule(ParentRunner.java:71) [junit-4.12.jar:4.12]
	at org.junit.runners.ParentRunner.runChildren(ParentRunner.java:288) [junit-4.12.jar:4.12]
	at org.junit.runners.ParentRunner.access$000(ParentRunner.java:58) [junit-4.12.jar:4.12]
	at org.junit.runners.ParentRunner$2.evaluate(ParentRunner.java:268) [junit-4.12.jar:4.12]
	at org.junit.runners.ParentRunner.run(ParentRunner.java:363) [junit-4.12.jar:4.12]
	at org.apache.maven.surefire.junit4.JUnit4Provider.execute(JUnit4Provider.java:367) [surefire-junit4-2.19.1.jar:2.19.1]
	at org.apache.maven.surefire.junit4.JUnit4Provider.executeWithRerun(JUnit4Provider.java:274) [surefire-junit4-2.19.1.jar:2.19.1]
	at org.apache.maven.surefire.junit4.JUnit4Provider.executeTestSet(JUnit4Provider.java:238) [surefire-junit4-2.19.1.jar:2.19.1]
	at org.apache.maven.surefire.junit4.JUnit4Provider.invoke(JUnit4Provider.java:161) [surefire-junit4-2.19.1.jar:2.19.1]
	at org.apache.maven.surefire.booter.ForkedBooter.invokeProviderInSameClassLoader(ForkedBooter.java:290) [surefire-booter-2.19.1.jar:2.19.1]
	at org.apache.maven.surefire.booter.ForkedBooter.runSuitesInProcess(ForkedBooter.java:242) [surefire-booter-2.19.1.jar:2.19.1]
	at org.apache.maven.surefire.booter.ForkedBooter.main(ForkedBooter.java:121) [surefire-booter-2.19.1.jar:2.19.1]
[INFO ] 2016-10-01 00:18:39.528 [main] FolderStorageModuleTest - Starting test [deleteDirectoryTest_DirNotExists]
[INFO ] 2016-10-01 00:18:39.528 [main] MailStorageModuleTest - Seeding
[INFO ] 2016-10-01 00:18:39.540 [main] FolderStorageModule - Connected to the database.
[INFO ] 2016-10-01 00:18:40.782 [main] FolderStorageModule - Connected to the database.
[INFO ] 2016-10-01 00:18:40.785 [main] FolderStorageModuleTest - Starting test [findAllTest]
[INFO ] 2016-10-01 00:18:40.786 [main] MailStorageModuleTest - Seeding
[INFO ] 2016-10-01 00:18:40.805 [main] FolderStorageModule - Connected to the database.
[INFO ] 2016-10-01 00:18:42.552 [main] FolderStorageModule - Connected to the database.
[INFO ] 2016-10-01 00:18:42.555 [main] FolderStorageModuleTest - Starting test [deleteDirectoryTest_InvalidArgument]
[INFO ] 2016-10-01 00:18:42.556 [main] MailStorageModuleTest - Seeding
[INFO ] 2016-10-01 00:18:42.570 [main] FolderStorageModule - Connected to the database.
[INFO ] 2016-10-01 00:18:43.997 [main] FolderStorageModuleTest - Starting test [deleteDirectoryTest]
[INFO ] 2016-10-01 00:18:43.997 [main] MailStorageModuleTest - Seeding
[INFO ] 2016-10-01 00:18:44.007 [main] FolderStorageModule - Connected to the database.
[INFO ] 2016-10-01 00:18:45.420 [main] FolderStorageModule - Connected to the database.
[INFO ] 2016-10-01 00:18:45.453 [main] FolderStorageModule - Connected to the database.
[INFO ] 2016-10-01 00:18:45.455 [main] FolderStorageModuleTest - Starting test [updateDirectoryTest]
[INFO ] 2016-10-01 00:18:45.456 [main] MailStorageModuleTest - Seeding
[INFO ] 2016-10-01 00:18:45.465 [main] FolderStorageModule - Connected to the database.
[INFO ] 2016-10-01 00:18:47.087 [main] FolderStorageModule - Connected to the database.
[INFO ] 2016-10-01 00:18:47.227 [main] FolderStorageModule - Connected to the database.
[INFO ] 2016-10-01 00:18:47.233 [main] FolderStorageModule - Connected to the database.
[INFO ] 2016-10-01 00:18:47.235 [main] FolderStorageModuleTest - Starting test [createDirectoryTest_InvalidArgument]
[INFO ] 2016-10-01 00:18:47.236 [main] MailStorageModuleTest - Seeding
[INFO ] 2016-10-01 00:18:47.244 [main] FolderStorageModule - Connected to the database.
[INFO ] 2016-10-01 00:18:48.622 [main] FolderStorageModuleTest - Starting test [updateDirectoryTest_InvalidSameValueArgument]
[INFO ] 2016-10-01 00:18:48.622 [main] MailStorageModuleTest - Seeding
[INFO ] 2016-10-01 00:18:48.629 [main] FolderStorageModule - Connected to the database.
[INFO ] 2016-10-01 00:18:49.864 [main] FolderStorageModuleTest - Starting test [updateDirectoryTest_InvalidArgument]
[INFO ] 2016-10-01 00:18:49.865 [main] MailStorageModuleTest - Seeding
[INFO ] 2016-10-01 00:18:49.884 [main] FolderStorageModule - Connected to the database.
[INFO ] 2016-10-01 00:18:51.226 [main] FolderStorageModuleTest - Starting test [createDirectoryTest_DuplicateDir]
[INFO ] 2016-10-01 00:18:51.226 [main] MailStorageModuleTest - Seeding
[INFO ] 2016-10-01 00:18:51.235 [main] FolderStorageModule - Connected to the database.
[INFO ] 2016-10-01 00:18:52.460 [main] FolderStorageModule - Connected to the database.
[ERROR] 2016-10-01 00:18:52.501 [main] FolderStorageModule - Such directory already exists
com.mysql.jdbc.exceptions.jdbc4.MySQLIntegrityConstraintViolationException: Duplicate entry 'new' for key 'name'
	at sun.reflect.NativeConstructorAccessorImpl.newInstance0(Native Method) ~[?:1.8.0_91]
	at sun.reflect.NativeConstructorAccessorImpl.newInstance(NativeConstructorAccessorImpl.java:62) ~[?:1.8.0_91]
	at sun.reflect.DelegatingConstructorAccessorImpl.newInstance(DelegatingConstructorAccessorImpl.java:45) ~[?:1.8.0_91]
	at java.lang.reflect.Constructor.newInstance(Constructor.java:423) ~[?:1.8.0_91]
	at com.mysql.jdbc.Util.handleNewInstance(Util.java:404) ~[mysql-connector-java-5.1.39.jar:5.1.39]
	at com.mysql.jdbc.Util.getInstance(Util.java:387) ~[mysql-connector-java-5.1.39.jar:5.1.39]
	at com.mysql.jdbc.SQLError.createSQLException(SQLError.java:934) ~[mysql-connector-java-5.1.39.jar:5.1.39]
	at com.mysql.jdbc.MysqlIO.checkErrorPacket(MysqlIO.java:3966) ~[mysql-connector-java-5.1.39.jar:5.1.39]
	at com.mysql.jdbc.MysqlIO.checkErrorPacket(MysqlIO.java:3902) ~[mysql-connector-java-5.1.39.jar:5.1.39]
	at com.mysql.jdbc.MysqlIO.sendCommand(MysqlIO.java:2526) ~[mysql-connector-java-5.1.39.jar:5.1.39]
	at com.mysql.jdbc.MysqlIO.sqlQueryDirect(MysqlIO.java:2673) ~[mysql-connector-java-5.1.39.jar:5.1.39]
	at com.mysql.jdbc.ConnectionImpl.execSQL(ConnectionImpl.java:2549) ~[mysql-connector-java-5.1.39.jar:5.1.39]
	at com.mysql.jdbc.PreparedStatement.executeInternal(PreparedStatement.java:1861) ~[mysql-connector-java-5.1.39.jar:5.1.39]
	at com.mysql.jdbc.PreparedStatement.executeUpdateInternal(PreparedStatement.java:2073) ~[mysql-connector-java-5.1.39.jar:5.1.39]
	at com.mysql.jdbc.PreparedStatement.executeUpdateInternal(PreparedStatement.java:2009) ~[mysql-connector-java-5.1.39.jar:5.1.39]
	at com.mysql.jdbc.PreparedStatement.executeLargeUpdate(PreparedStatement.java:5098) ~[mysql-connector-java-5.1.39.jar:5.1.39]
	at com.mysql.jdbc.PreparedStatement.executeUpdate(PreparedStatement.java:1994) ~[mysql-connector-java-5.1.39.jar:5.1.39]
	at ashulzhenko.emailapp.data.FolderStorageModule.createDirectory(FolderStorageModule.java:56) [classes/:?]
	at ashulzhenko.emailapp.data.FolderStorageModuleTest.createDirectoryTest_DuplicateDir(FolderStorageModuleTest.java:55) [test-classes/:?]
	at sun.reflect.NativeMethodAccessorImpl.invoke0(Native Method) ~[?:1.8.0_91]
	at sun.reflect.NativeMethodAccessorImpl.invoke(NativeMethodAccessorImpl.java:62) ~[?:1.8.0_91]
	at sun.reflect.DelegatingMethodAccessorImpl.invoke(DelegatingMethodAccessorImpl.java:43) ~[?:1.8.0_91]
	at java.lang.reflect.Method.invoke(Method.java:498) ~[?:1.8.0_91]
	at org.junit.runners.model.FrameworkMethod$1.runReflectiveCall(FrameworkMethod.java:50) [junit-4.12.jar:4.12]
	at org.junit.internal.runners.model.ReflectiveCallable.run(ReflectiveCallable.java:12) [junit-4.12.jar:4.12]
	at org.junit.runners.model.FrameworkMethod.invokeExplosively(FrameworkMethod.java:47) [junit-4.12.jar:4.12]
	at org.junit.internal.runners.statements.InvokeMethod.evaluate(InvokeMethod.java:17) [junit-4.12.jar:4.12]
	at org.junit.internal.runners.statements.ExpectException.evaluate(ExpectException.java:19) [junit-4.12.jar:4.12]
	at org.junit.internal.runners.statements.RunBefores.evaluate(RunBefores.java:26) [junit-4.12.jar:4.12]
	at org.junit.rules.TestWatcher$1.evaluate(TestWatcher.java:55) [junit-4.12.jar:4.12]
	at org.junit.rules.RunRules.evaluate(RunRules.java:20) [junit-4.12.jar:4.12]
	at org.junit.runners.ParentRunner.runLeaf(ParentRunner.java:325) [junit-4.12.jar:4.12]
	at org.junit.runners.BlockJUnit4ClassRunner.runChild(BlockJUnit4ClassRunner.java:78) [junit-4.12.jar:4.12]
	at org.junit.runners.BlockJUnit4ClassRunner.runChild(BlockJUnit4ClassRunner.java:57) [junit-4.12.jar:4.12]
	at org.junit.runners.ParentRunner$3.run(ParentRunner.java:290) [junit-4.12.jar:4.12]
	at org.junit.runners.ParentRunner$1.schedule(ParentRunner.java:71) [junit-4.12.jar:4.12]
	at org.junit.runners.ParentRunner.runChildren(ParentRunner.java:288) [junit-4.12.jar:4.12]
	at org.junit.runners.ParentRunner.access$000(ParentRunner.java:58) [junit-4.12.jar:4.12]
	at org.junit.runners.ParentRunner$2.evaluate(ParentRunner.java:268) [junit-4.12.jar:4.12]
	at org.junit.runners.ParentRunner.run(ParentRunner.java:363) [junit-4.12.jar:4.12]
	at org.apache.maven.surefire.junit4.JUnit4Provider.execute(JUnit4Provider.java:367) [surefire-junit4-2.19.1.jar:2.19.1]
	at org.apache.maven.surefire.junit4.JUnit4Provider.executeWithRerun(JUnit4Provider.java:274) [surefire-junit4-2.19.1.jar:2.19.1]
	at org.apache.maven.surefire.junit4.JUnit4Provider.executeTestSet(JUnit4Provider.java:238) [surefire-junit4-2.19.1.jar:2.19.1]
	at org.apache.maven.surefire.junit4.JUnit4Provider.invoke(JUnit4Provider.java:161) [surefire-junit4-2.19.1.jar:2.19.1]
	at org.apache.maven.surefire.booter.ForkedBooter.invokeProviderInSameClassLoader(ForkedBooter.java:290) [surefire-booter-2.19.1.jar:2.19.1]
	at org.apache.maven.surefire.booter.ForkedBooter.runSuitesInProcess(ForkedBooter.java:242) [surefire-booter-2.19.1.jar:2.19.1]
	at org.apache.maven.surefire.booter.ForkedBooter.main(ForkedBooter.java:121) [surefire-booter-2.19.1.jar:2.19.1]
[INFO ] 2016-10-01 00:18:52.508 [main] MailStorageModuleTest - Starting test [findEmailByIdTest]
[INFO ] 2016-10-01 00:18:52.508 [main] MailStorageModuleTest - Seeding
[INFO ] 2016-10-01 00:18:52.518 [main] MailStorageModule - Connected to the database.
[INFO ] 2016-10-01 00:18:53.881 [main] MailStorageModule - Connected to the database.
[INFO ] 2016-10-01 00:18:53.941 [main] MailStorageModuleTest - Starting test [deleteEmailTest]
[INFO ] 2016-10-01 00:18:53.941 [main] MailStorageModuleTest - Seeding
[INFO ] 2016-10-01 00:18:53.950 [main] MailStorageModule - Connected to the database.
[INFO ] 2016-10-01 00:18:55.596 [main] MailStorageModule - Connected to the database.
[INFO ] 2016-10-01 00:18:55.654 [main] MailStorageModule - Connected to the database.
[INFO ] 2016-10-01 00:18:55.656 [main] MailStorageModuleTest - Starting test [findAllInDirectoryTest]
[INFO ] 2016-10-01 00:18:55.657 [main] MailStorageModuleTest - Seeding
[INFO ] 2016-10-01 00:18:55.672 [main] MailStorageModule - Connected to the database.
[INFO ] 2016-10-01 00:18:56.914 [main] MailStorageModule - Connected to the database.
[INFO ] 2016-10-01 00:18:56.920 [main] MailStorageModuleTest - Starting test [findAllInDirectoryTest_DirNotExists]
[INFO ] 2016-10-01 00:18:56.921 [main] MailStorageModuleTest - Seeding
[INFO ] 2016-10-01 00:18:56.926 [main] MailStorageModule - Connected to the database.
[INFO ] 2016-10-01 00:18:58.972 [main] MailStorageModule - Connected to the database.
[INFO ] 2016-10-01 00:18:58.978 [main] MailStorageModuleTest - Starting test [findEmailByIdTest_NotInDb]
[INFO ] 2016-10-01 00:18:58.981 [main] MailStorageModuleTest - Seeding
[INFO ] 2016-10-01 00:18:58.993 [main] MailStorageModule - Connected to the database.
[INFO ] 2016-10-01 00:19:00.323 [main] MailStorageModule - Connected to the database.
[INFO ] 2016-10-01 00:19:00.325 [main] MailStorageModuleTest - Starting test [deleteEmailTest_InvalidArgument]
[INFO ] 2016-10-01 00:19:00.325 [main] MailStorageModuleTest - Seeding
[INFO ] 2016-10-01 00:19:00.334 [main] MailStorageModule - Connected to the database.
[INFO ] 2016-10-01 00:19:01.626 [main] MailStorageModuleTest - Starting test [findAllTest]
[INFO ] 2016-10-01 00:19:01.627 [main] MailStorageModuleTest - Seeding
[INFO ] 2016-10-01 00:19:01.634 [main] MailStorageModule - Connected to the database.
[INFO ] 2016-10-01 00:19:03.084 [main] MailStorageModule - Connected to the database.
[INFO ] 2016-10-01 00:19:03.098 [main] MailStorageModuleTest - Starting test [deleteEmailTest_IdNotExists]
[INFO ] 2016-10-01 00:19:03.098 [main] MailStorageModuleTest - Seeding
[INFO ] 2016-10-01 00:19:03.104 [main] MailStorageModule - Connected to the database.
[INFO ] 2016-10-01 00:19:04.491 [main] MailStorageModule - Connected to the database.
[INFO ] 2016-10-01 00:19:04.493 [main] MailStorageModuleTest - Starting test [saveEmailTest]
[INFO ] 2016-10-01 00:19:04.494 [main] MailStorageModuleTest - Seeding
[INFO ] 2016-10-01 00:19:04.502 [main] MailStorageModule - Connected to the database.
[INFO ] 2016-10-01 00:19:05.753 [main] MailStorageModule - Connected to the database.
[INFO ] 2016-10-01 00:19:06.167 [main] MailStorageModule - Connected to the database.
[INFO ] 2016-10-01 00:19:06.185 [main] MailStorageModuleTest - Starting test [updateEmailDirectoryTest_InvalidArgument]
[INFO ] 2016-10-01 00:19:06.185 [main] MailStorageModuleTest - Seeding
[INFO ] 2016-10-01 00:19:06.193 [main] MailStorageModule - Connected to the database.
[INFO ] 2016-10-01 00:19:07.659 [main] MailStorageModuleTest - Starting test [findEmailByIdTest_InvalidArgument]
[INFO ] 2016-10-01 00:19:07.660 [main] MailStorageModuleTest - Seeding
[INFO ] 2016-10-01 00:19:07.669 [main] MailStorageModule - Connected to the database.
[INFO ] 2016-10-01 00:19:09.467 [main] MailStorageModuleTest - Starting test [saveEmailTest_InvalidArgument]
[INFO ] 2016-10-01 00:19:09.467 [main] MailStorageModuleTest - Seeding
[INFO ] 2016-10-01 00:19:09.473 [main] MailStorageModule - Connected to the database.
[INFO ] 2016-10-01 00:19:10.698 [main] MailStorageModuleTest - Starting test [updateEmailDirectoryTest]
[INFO ] 2016-10-01 00:19:10.698 [main] MailStorageModuleTest - Seeding
[INFO ] 2016-10-01 00:19:10.707 [main] MailStorageModule - Connected to the database.
[INFO ] 2016-10-01 00:19:11.994 [main] MailStorageModule - Connected to the database.
[INFO ] 2016-10-01 00:19:12.002 [main] MailStorageModule - Connected to the database.
[INFO ] 2016-10-01 00:19:12.040 [main] MailStorageModule - Connected to the database.
[INFO ] 2016-10-01 00:19:12.042 [main] MailStorageModuleTest - Starting test [updateEmailDirectoryTest_EmailIdNotInDb]
[INFO ] 2016-10-01 00:19:12.043 [main] MailStorageModuleTest - Seeding
[INFO ] 2016-10-01 00:19:12.050 [main] MailStorageModule - Connected to the database.
[INFO ] 2016-10-01 00:19:14.227 [main] MailStorageModule - Connected to the database.
[INFO ] 2016-10-01 00:19:14.229 [main] MailStorageModuleTest - Starting test [findAllInDirectoryTest_InvalidArgument]
[INFO ] 2016-10-01 00:19:14.229 [main] MailStorageModuleTest - Seeding
[INFO ] 2016-10-01 00:19:14.235 [main] MailStorageModule - Connected to the database.
[INFO ] 2016-10-01 00:19:15.534 [main] PropertiesManagerTest - Starting test [testWriteText]
[DEBUG] 2016-10-01 00:19:15.565 [main] MailModuleExceptionsTest - in TestExceptions with no to's addresses
[DEBUG] 2016-10-01 00:19:15.568 [main] MailModuleExceptionsTest - in TestExceptions with null for cc
[DEBUG] 2016-10-01 00:19:15.570 [main] MailModuleExceptionsTest - in TestExceptions with to with invalid email
[DEBUG] 2016-10-01 00:19:15.572 [main] MailModuleExceptionsTest - in TestExceptions with cc with invalid email
[DEBUG] 2016-10-01 00:19:15.574 [main] MailModuleExceptionsTest - in TestExceptions with bcc with invalid email
[DEBUG] 2016-10-01 00:19:15.575 [main] MailModuleExceptionsTest - in TestExceptions with attachment error: file not found
[DEBUG] 2016-10-04 11:27:57.428 [main] MailModuleExceptionsTest - in TestExceptions with no to's addresses
[DEBUG] 2016-10-04 11:27:57.444 [main] MailModuleExceptionsTest - in TestExceptions with null for cc
[DEBUG] 2016-10-04 11:27:57.444 [main] MailModuleExceptionsTest - in TestExceptions with to with invalid email
[DEBUG] 2016-10-04 11:27:57.444 [main] MailModuleExceptionsTest - in TestExceptions with cc with invalid email
[DEBUG] 2016-10-04 11:27:57.444 [main] MailModuleExceptionsTest - in TestExceptions with bcc with invalid email
[DEBUG] 2016-10-04 11:27:57.444 [main] MailModuleExceptionsTest - in TestExceptions with attachment error: file not found
[DEBUG] 2016-10-04 11:28:07.919 [main] MailModuleTest - in TestSentAndReceivedMessages with plain email 1 receiver
[DEBUG] 2016-10-04 11:28:25.310 [main] MailModuleTest - in TestSentAndReceivedMessages with plain email 2 receivers
[DEBUG] 2016-10-04 11:28:43.841 [main] MailModuleTest - in TestSentAndReceivedMessages with plain email 1 receiver 1 cc
[DEBUG] 2016-10-04 11:29:01.945 [main] MailModuleTest - in TestSentAndReceivedMessages with plain email 1 receiver 2 cc
[DEBUG] 2016-10-04 11:29:19.867 [main] MailModuleTest - in TestSentAndReceivedMessages with plain email 1 receiver 1 bcc
[DEBUG] 2016-10-04 11:29:37.523 [main] MailModuleTest - in TestSentAndReceivedMessages with plain email 1 receiver 2 bcc
[DEBUG] 2016-10-04 11:29:56.414 [main] MailModuleTest - in TestSentAndReceivedMessages with plain email 1 attach
[DEBUG] 2016-10-04 11:30:15.321 [main] MailModuleTest - in TestSentAndReceivedMessages with html email 1 embed attach
[DEBUG] 2016-10-04 11:30:35.009 [main] MailModuleTest - in TestSentAndReceivedMessages with html email 1 embed attach and 1 usual attach
[DEBUG] 2016-10-04 11:31:10.322 [main] MailModuleTest - in TestSentAndReceivedMessages with html email 2 to, 1 cc, 1 bcc, 1 embed and 1 attach
[DEBUG] 2016-10-04 11:31:31.634 [main] MailModuleTest - in TestSentAndReceivedMessages with html email 1 invalid cid embed attach (becomes usual attach)
[INFO ] 2016-10-04 11:31:41.384 [main] PropertiesManagerTest - Starting test [testWriteText]
[DEBUG] 2016-10-04 11:33:29.103 [main] MailModuleExceptionsTest - in TestExceptions with no to's addresses
[DEBUG] 2016-10-04 11:33:29.119 [main] MailModuleExceptionsTest - in TestExceptions with null for cc
[DEBUG] 2016-10-04 11:33:29.119 [main] MailModuleExceptionsTest - in TestExceptions with to with invalid email
[DEBUG] 2016-10-04 11:33:29.119 [main] MailModuleExceptionsTest - in TestExceptions with cc with invalid email
[DEBUG] 2016-10-04 11:33:29.119 [main] MailModuleExceptionsTest - in TestExceptions with bcc with invalid email
[DEBUG] 2016-10-04 11:33:29.119 [main] MailModuleExceptionsTest - in TestExceptions with attachment error: file not found
[DEBUG] 2016-10-04 11:33:39.066 [main] MailModuleTest - in TestSentAndReceivedMessages with plain email 1 receiver
[DEBUG] 2016-10-04 11:33:56.344 [main] MailModuleTest - in TestSentAndReceivedMessages with plain email 2 receivers
[DEBUG] 2016-10-04 11:34:13.693 [main] MailModuleTest - in TestSentAndReceivedMessages with plain email 1 receiver 1 cc
[DEBUG] 2016-10-04 11:34:34.448 [main] MailModuleTest - in TestSentAndReceivedMessages with plain email 1 receiver 2 cc
[DEBUG] 2016-10-04 11:34:52.237 [main] MailModuleTest - in TestSentAndReceivedMessages with plain email 1 receiver 1 bcc
[DEBUG] 2016-10-04 11:35:09.999 [main] MailModuleTest - in TestSentAndReceivedMessages with plain email 1 receiver 2 bcc
[DEBUG] 2016-10-04 11:35:29.062 [main] MailModuleTest - in TestSentAndReceivedMessages with plain email 1 attach
[DEBUG] 2016-10-04 11:35:49.313 [main] MailModuleTest - in TestSentAndReceivedMessages with html email 1 embed attach
[DEBUG] 2016-10-04 11:36:09.516 [main] MailModuleTest - in TestSentAndReceivedMessages with html email 1 embed attach and 1 usual attach
[DEBUG] 2016-10-04 11:36:30.783 [main] MailModuleTest - in TestSentAndReceivedMessages with html email 2 to, 1 cc, 1 bcc, 1 embed and 1 attach
[DEBUG] 2016-10-04 11:36:51.846 [main] MailModuleTest - in TestSentAndReceivedMessages with html email 1 invalid cid embed attach (becomes usual attach)
[INFO ] 2016-10-04 11:37:01.456 [main] PropertiesManagerTest - Starting test [testWriteText]
[DEBUG] 2016-10-04 11:50:09.619 [main] MailModuleExceptionsTest - in TestExceptions with no to's addresses
[DEBUG] 2016-10-04 11:50:09.650 [main] MailModuleExceptionsTest - in TestExceptions with null for cc
[DEBUG] 2016-10-04 11:50:09.650 [main] MailModuleExceptionsTest - in TestExceptions with to with invalid email
[DEBUG] 2016-10-04 11:50:09.650 [main] MailModuleExceptionsTest - in TestExceptions with cc with invalid email
[DEBUG] 2016-10-04 11:50:09.650 [main] MailModuleExceptionsTest - in TestExceptions with bcc with invalid email
[DEBUG] 2016-10-04 11:50:09.650 [main] MailModuleExceptionsTest - in TestExceptions with attachment error: file not found
[DEBUG] 2016-10-04 11:50:20.259 [main] MailModuleTest - in TestSentAndReceivedMessages with plain email 1 receiver
[DEBUG] 2016-10-04 11:50:38.416 [main] MailModuleTest - in TestSentAndReceivedMessages with plain email 2 receivers
[DEBUG] 2016-10-04 11:50:56.323 [main] MailModuleTest - in TestSentAndReceivedMessages with plain email 1 receiver 1 cc
[DEBUG] 2016-10-04 11:51:13.792 [main] MailModuleTest - in TestSentAndReceivedMessages with plain email 1 receiver 2 cc
[DEBUG] 2016-10-04 11:51:31.589 [main] MailModuleTest - in TestSentAndReceivedMessages with plain email 1 receiver 1 bcc
[DEBUG] 2016-10-04 11:52:10.684 [main] MailModuleTest - in TestSentAndReceivedMessages with plain email 1 attach
[DEBUG] 2016-10-04 11:52:31.121 [main] MailModuleTest - in TestSentAndReceivedMessages with html email 1 embed attach
[DEBUG] 2016-10-04 11:52:51.138 [main] MailModuleTest - in TestSentAndReceivedMessages with html email 1 embed attach and 1 usual attach
[DEBUG] 2016-10-04 11:53:11.778 [main] MailModuleTest - in TestSentAndReceivedMessages with html email 2 to, 1 cc, 1 bcc, 1 embed and 1 attach
[DEBUG] 2016-10-04 11:53:32.291 [main] MailModuleTest - in TestSentAndReceivedMessages with html email 1 invalid cid embed attach (becomes usual attach)
[INFO ] 2016-10-04 11:53:42.072 [main] PropertiesManagerTest - Starting test [testWriteText]
[DEBUG] 2016-10-04 12:12:01.767 [main] MailModuleExceptionsTest - in TestExceptions with no to's addresses
[DEBUG] 2016-10-04 12:12:01.783 [main] MailModuleExceptionsTest - in TestExceptions with null for cc
[DEBUG] 2016-10-04 12:12:01.783 [main] MailModuleExceptionsTest - in TestExceptions with to with invalid email
[DEBUG] 2016-10-04 12:12:01.783 [main] MailModuleExceptionsTest - in TestExceptions with cc with invalid email
[DEBUG] 2016-10-04 12:12:01.783 [main] MailModuleExceptionsTest - in TestExceptions with bcc with invalid email
[DEBUG] 2016-10-04 12:12:01.783 [main] MailModuleExceptionsTest - in TestExceptions with attachment error: file not found
[INFO ] 2016-10-04 12:12:02.908 [main] MailStorageModuleTest - Starting test [findEmailByIdTest]
[INFO ] 2016-10-04 12:12:02.908 [main] MailStorageModuleTest - Seeding
[INFO ] 2016-10-04 12:12:07.673 [main] MailStorageModule - Connected to the database.
[INFO ] 2016-10-04 12:12:07.720 [main] MailStorageModule - No tables found in the database. Creating new tables.
[INFO ] 2016-10-04 12:12:07.986 [main] MailStorageModule - Connected to the database.
[INFO ] 2016-10-04 12:12:08.017 [main] MailStorageModuleTest - Starting test [deleteEmailTest]
[INFO ] 2016-10-04 12:12:08.017 [main] MailStorageModuleTest - Seeding
[INFO ] 2016-10-04 12:12:08.048 [main] MailStorageModule - Connected to the database.
[INFO ] 2016-10-04 12:12:08.189 [main] MailStorageModule - Connected to the database.
[INFO ] 2016-10-04 12:12:08.236 [main] MailStorageModule - Connected to the database.
[INFO ] 2016-10-04 12:12:08.236 [main] MailStorageModuleTest - Starting test [findAllInDirectoryTest]
[INFO ] 2016-10-04 12:12:08.236 [main] MailStorageModuleTest - Seeding
[INFO ] 2016-10-04 12:12:08.267 [main] MailStorageModule - Connected to the database.
[INFO ] 2016-10-04 12:12:08.408 [main] MailStorageModule - Connected to the database.
[INFO ] 2016-10-04 12:12:08.439 [main] MailStorageModuleTest - Starting test [findAllInDirectoryTest_DirNotExists]
[INFO ] 2016-10-04 12:12:08.439 [main] MailStorageModuleTest - Seeding
[INFO ] 2016-10-04 12:12:08.454 [main] MailStorageModule - Connected to the database.
[INFO ] 2016-10-04 12:12:08.595 [main] MailStorageModule - Connected to the database.
[INFO ] 2016-10-04 12:12:08.611 [main] MailStorageModuleTest - Starting test [findEmailByIdTest_NotInDb]
[INFO ] 2016-10-04 12:12:08.611 [main] MailStorageModuleTest - Seeding
[INFO ] 2016-10-04 12:12:08.626 [main] MailStorageModule - Connected to the database.
[INFO ] 2016-10-04 12:12:08.767 [main] MailStorageModule - Connected to the database.
[INFO ] 2016-10-04 12:12:08.767 [main] MailStorageModuleTest - Starting test [deleteEmailTest_InvalidArgument]
[INFO ] 2016-10-04 12:12:08.767 [main] MailStorageModuleTest - Seeding
[INFO ] 2016-10-04 12:12:08.783 [main] MailStorageModule - Connected to the database.
[INFO ] 2016-10-04 12:12:08.908 [main] MailStorageModuleTest - Starting test [findAllTest]
[INFO ] 2016-10-04 12:12:08.908 [main] MailStorageModuleTest - Seeding
[INFO ] 2016-10-04 12:12:08.923 [main] MailStorageModule - Connected to the database.
[INFO ] 2016-10-04 12:12:09.048 [main] MailStorageModule - Connected to the database.
[INFO ] 2016-10-04 12:12:09.095 [main] MailStorageModuleTest - Starting test [deleteEmailTest_IdNotExists]
[INFO ] 2016-10-04 12:12:09.095 [main] MailStorageModuleTest - Seeding
[INFO ] 2016-10-04 12:12:09.111 [main] MailStorageModule - Connected to the database.
[INFO ] 2016-10-04 12:12:09.251 [main] MailStorageModule - Connected to the database.
[INFO ] 2016-10-04 12:12:09.251 [main] MailStorageModuleTest - Starting test [saveEmailTest]
[INFO ] 2016-10-04 12:12:09.251 [main] MailStorageModuleTest - Seeding
[INFO ] 2016-10-04 12:12:09.267 [main] MailStorageModule - Connected to the database.
[INFO ] 2016-10-04 12:12:09.423 [main] MailStorageModule - Connected to the database.
[INFO ] 2016-10-04 12:12:09.548 [main] MailStorageModule - Connected to the database.
[INFO ] 2016-10-04 12:12:09.579 [main] MailStorageModuleTest - Starting test [updateEmailDirectoryTest_InvalidArgument]
[INFO ] 2016-10-04 12:12:09.579 [main] MailStorageModuleTest - Seeding
[INFO ] 2016-10-04 12:12:09.611 [main] MailStorageModule - Connected to the database.
[INFO ] 2016-10-04 12:12:09.751 [main] MailStorageModuleTest - Starting test [findEmailByIdTest_InvalidArgument]
[INFO ] 2016-10-04 12:12:09.751 [main] MailStorageModuleTest - Seeding
[INFO ] 2016-10-04 12:12:09.767 [main] MailStorageModule - Connected to the database.
[INFO ] 2016-10-04 12:12:09.923 [main] MailStorageModuleTest - Starting test [saveEmailTest_InvalidArgument]
[INFO ] 2016-10-04 12:12:09.923 [main] MailStorageModuleTest - Seeding
[INFO ] 2016-10-04 12:12:09.939 [main] MailStorageModule - Connected to the database.
[INFO ] 2016-10-04 12:12:10.095 [main] MailStorageModuleTest - Starting test [updateEmailDirectoryTest]
[INFO ] 2016-10-04 12:12:10.095 [main] MailStorageModuleTest - Seeding
[INFO ] 2016-10-04 12:12:10.110 [main] MailStorageModule - Connected to the database.
[INFO ] 2016-10-04 12:12:10.298 [main] MailStorageModule - Connected to the database.
[INFO ] 2016-10-04 12:12:10.314 [main] MailStorageModule - Connected to the database.
[INFO ] 2016-10-04 12:12:10.329 [main] MailStorageModule - Connected to the database.
[INFO ] 2016-10-04 12:12:10.329 [main] MailStorageModuleTest - Starting test [updateEmailDirectoryTest_EmailIdNotInDb]
[INFO ] 2016-10-04 12:12:10.329 [main] MailStorageModuleTest - Seeding
[INFO ] 2016-10-04 12:12:10.345 [main] MailStorageModule - Connected to the database.
[INFO ] 2016-10-04 12:12:10.501 [main] MailStorageModule - Connected to the database.
[INFO ] 2016-10-04 12:12:10.517 [main] MailStorageModuleTest - Starting test [findAllInDirectoryTest_InvalidArgument]
[INFO ] 2016-10-04 12:12:10.517 [main] MailStorageModuleTest - Seeding
[INFO ] 2016-10-04 12:12:10.532 [main] MailStorageModule - Connected to the database.
[INFO ] 2016-10-04 12:12:10.704 [main] FolderStorageModuleTest - Starting test [createDirectoryTest]
[INFO ] 2016-10-04 12:12:10.704 [main] MailStorageModuleTest - Seeding
[INFO ] 2016-10-04 12:12:10.751 [main] FolderStorageModule - Connected to the database.
[INFO ] 2016-10-04 12:12:10.923 [main] FolderStorageModule - Connected to the database.
[INFO ] 2016-10-04 12:12:10.939 [main] FolderStorageModule - Connected to the database.
[INFO ] 2016-10-04 12:12:10.939 [main] FolderStorageModuleTest - Starting test [updateDirectoryTest_DuplicateDir]
[INFO ] 2016-10-04 12:12:10.939 [main] MailStorageModuleTest - Seeding
[INFO ] 2016-10-04 12:12:10.970 [main] FolderStorageModule - Connected to the database.
[INFO ] 2016-10-04 12:12:11.126 [main] FolderStorageModule - Connected to the database.
[ERROR] 2016-10-04 12:12:11.142 [main] FolderStorageModule - Such directory already exists
com.mysql.jdbc.exceptions.jdbc4.MySQLIntegrityConstraintViolationException: Duplicate entry 'trash' for key 'name'
	at sun.reflect.NativeConstructorAccessorImpl.newInstance0(Native Method) ~[?:1.8.0_102]
	at sun.reflect.NativeConstructorAccessorImpl.newInstance(NativeConstructorAccessorImpl.java:62) ~[?:1.8.0_102]
	at sun.reflect.DelegatingConstructorAccessorImpl.newInstance(DelegatingConstructorAccessorImpl.java:45) ~[?:1.8.0_102]
	at java.lang.reflect.Constructor.newInstance(Constructor.java:423) ~[?:1.8.0_102]
	at com.mysql.jdbc.Util.handleNewInstance(Util.java:404) ~[mysql-connector-java-5.1.39.jar:5.1.39]
	at com.mysql.jdbc.Util.getInstance(Util.java:387) ~[mysql-connector-java-5.1.39.jar:5.1.39]
	at com.mysql.jdbc.SQLError.createSQLException(SQLError.java:934) ~[mysql-connector-java-5.1.39.jar:5.1.39]
	at com.mysql.jdbc.MysqlIO.checkErrorPacket(MysqlIO.java:3966) ~[mysql-connector-java-5.1.39.jar:5.1.39]
	at com.mysql.jdbc.MysqlIO.checkErrorPacket(MysqlIO.java:3902) ~[mysql-connector-java-5.1.39.jar:5.1.39]
	at com.mysql.jdbc.MysqlIO.sendCommand(MysqlIO.java:2526) ~[mysql-connector-java-5.1.39.jar:5.1.39]
	at com.mysql.jdbc.MysqlIO.sqlQueryDirect(MysqlIO.java:2673) ~[mysql-connector-java-5.1.39.jar:5.1.39]
	at com.mysql.jdbc.ConnectionImpl.execSQL(ConnectionImpl.java:2549) ~[mysql-connector-java-5.1.39.jar:5.1.39]
	at com.mysql.jdbc.PreparedStatement.executeInternal(PreparedStatement.java:1861) ~[mysql-connector-java-5.1.39.jar:5.1.39]
	at com.mysql.jdbc.PreparedStatement.executeUpdateInternal(PreparedStatement.java:2073) ~[mysql-connector-java-5.1.39.jar:5.1.39]
	at com.mysql.jdbc.PreparedStatement.executeUpdateInternal(PreparedStatement.java:2009) ~[mysql-connector-java-5.1.39.jar:5.1.39]
	at com.mysql.jdbc.PreparedStatement.executeLargeUpdate(PreparedStatement.java:5098) ~[mysql-connector-java-5.1.39.jar:5.1.39]
	at com.mysql.jdbc.PreparedStatement.executeUpdate(PreparedStatement.java:1994) ~[mysql-connector-java-5.1.39.jar:5.1.39]
	at ashulzhenko.emailapp.data.FolderStorageModule.updateDirectory(FolderStorageModule.java:146) [classes/:?]
	at ashulzhenko.emailapp.data.FolderStorageModuleTest.updateDirectoryTest_DuplicateDir(FolderStorageModuleTest.java:104) [test-classes/:?]
	at sun.reflect.NativeMethodAccessorImpl.invoke0(Native Method) ~[?:1.8.0_102]
	at sun.reflect.NativeMethodAccessorImpl.invoke(NativeMethodAccessorImpl.java:62) ~[?:1.8.0_102]
	at sun.reflect.DelegatingMethodAccessorImpl.invoke(DelegatingMethodAccessorImpl.java:43) ~[?:1.8.0_102]
	at java.lang.reflect.Method.invoke(Method.java:498) ~[?:1.8.0_102]
	at org.junit.runners.model.FrameworkMethod$1.runReflectiveCall(FrameworkMethod.java:50) [junit-4.12.jar:4.12]
	at org.junit.internal.runners.model.ReflectiveCallable.run(ReflectiveCallable.java:12) [junit-4.12.jar:4.12]
	at org.junit.runners.model.FrameworkMethod.invokeExplosively(FrameworkMethod.java:47) [junit-4.12.jar:4.12]
	at org.junit.internal.runners.statements.InvokeMethod.evaluate(InvokeMethod.java:17) [junit-4.12.jar:4.12]
	at org.junit.internal.runners.statements.ExpectException.evaluate(ExpectException.java:19) [junit-4.12.jar:4.12]
	at org.junit.internal.runners.statements.RunBefores.evaluate(RunBefores.java:26) [junit-4.12.jar:4.12]
	at org.junit.rules.TestWatcher$1.evaluate(TestWatcher.java:55) [junit-4.12.jar:4.12]
	at org.junit.rules.RunRules.evaluate(RunRules.java:20) [junit-4.12.jar:4.12]
	at org.junit.runners.ParentRunner.runLeaf(ParentRunner.java:325) [junit-4.12.jar:4.12]
	at org.junit.runners.BlockJUnit4ClassRunner.runChild(BlockJUnit4ClassRunner.java:78) [junit-4.12.jar:4.12]
	at org.junit.runners.BlockJUnit4ClassRunner.runChild(BlockJUnit4ClassRunner.java:57) [junit-4.12.jar:4.12]
	at org.junit.runners.ParentRunner$3.run(ParentRunner.java:290) [junit-4.12.jar:4.12]
	at org.junit.runners.ParentRunner$1.schedule(ParentRunner.java:71) [junit-4.12.jar:4.12]
	at org.junit.runners.ParentRunner.runChildren(ParentRunner.java:288) [junit-4.12.jar:4.12]
	at org.junit.runners.ParentRunner.access$000(ParentRunner.java:58) [junit-4.12.jar:4.12]
	at org.junit.runners.ParentRunner$2.evaluate(ParentRunner.java:268) [junit-4.12.jar:4.12]
	at org.junit.runners.ParentRunner.run(ParentRunner.java:363) [junit-4.12.jar:4.12]
	at org.apache.maven.surefire.junit4.JUnit4Provider.execute(JUnit4Provider.java:367) [surefire-junit4-2.19.1.jar:2.19.1]
	at org.apache.maven.surefire.junit4.JUnit4Provider.executeWithRerun(JUnit4Provider.java:274) [surefire-junit4-2.19.1.jar:2.19.1]
	at org.apache.maven.surefire.junit4.JUnit4Provider.executeTestSet(JUnit4Provider.java:238) [surefire-junit4-2.19.1.jar:2.19.1]
	at org.apache.maven.surefire.junit4.JUnit4Provider.invoke(JUnit4Provider.java:161) [surefire-junit4-2.19.1.jar:2.19.1]
	at org.apache.maven.surefire.booter.ForkedBooter.invokeProviderInSameClassLoader(ForkedBooter.java:290) [surefire-booter-2.19.1.jar:2.19.1]
	at org.apache.maven.surefire.booter.ForkedBooter.runSuitesInProcess(ForkedBooter.java:242) [surefire-booter-2.19.1.jar:2.19.1]
	at org.apache.maven.surefire.booter.ForkedBooter.main(ForkedBooter.java:121) [surefire-booter-2.19.1.jar:2.19.1]
[INFO ] 2016-10-04 12:12:11.142 [main] FolderStorageModuleTest - Starting test [deleteDirectoryTest_DirNotExists]
[INFO ] 2016-10-04 12:12:11.142 [main] MailStorageModuleTest - Seeding
[INFO ] 2016-10-04 12:12:11.157 [main] FolderStorageModule - Connected to the database.
[INFO ] 2016-10-04 12:12:11.313 [main] FolderStorageModule - Connected to the database.
[INFO ] 2016-10-04 12:12:11.313 [main] FolderStorageModuleTest - Starting test [findAllTest]
[INFO ] 2016-10-04 12:12:11.313 [main] MailStorageModuleTest - Seeding
[INFO ] 2016-10-04 12:12:11.329 [main] FolderStorageModule - Connected to the database.
[INFO ] 2016-10-04 12:12:11.798 [main] FolderStorageModule - Connected to the database.
[INFO ] 2016-10-04 12:12:11.798 [main] FolderStorageModuleTest - Starting test [deleteDirectoryTest_InvalidArgument]
[INFO ] 2016-10-04 12:12:11.798 [main] MailStorageModuleTest - Seeding
[INFO ] 2016-10-04 12:12:11.813 [main] FolderStorageModule - Connected to the database.
[INFO ] 2016-10-04 12:12:11.970 [main] FolderStorageModuleTest - Starting test [deleteDirectoryTest]
[INFO ] 2016-10-04 12:12:11.970 [main] MailStorageModuleTest - Seeding
[INFO ] 2016-10-04 12:12:12.298 [main] FolderStorageModule - Connected to the database.
[INFO ] 2016-10-04 12:12:12.423 [main] FolderStorageModule - Connected to the database.
[INFO ] 2016-10-04 12:12:12.423 [main] FolderStorageModule - Connected to the database.
[INFO ] 2016-10-04 12:12:12.423 [main] FolderStorageModuleTest - Starting test [updateDirectoryTest]
[INFO ] 2016-10-04 12:12:12.423 [main] MailStorageModuleTest - Seeding
[INFO ] 2016-10-04 12:12:12.438 [main] FolderStorageModule - Connected to the database.
[INFO ] 2016-10-04 12:12:12.579 [main] FolderStorageModule - Connected to the database.
[INFO ] 2016-10-04 12:12:12.595 [main] FolderStorageModule - Connected to the database.
[INFO ] 2016-10-04 12:12:12.595 [main] FolderStorageModule - Connected to the database.
[INFO ] 2016-10-04 12:12:12.595 [main] FolderStorageModuleTest - Starting test [createDirectoryTest_InvalidArgument]
[INFO ] 2016-10-04 12:12:12.595 [main] MailStorageModuleTest - Seeding
[INFO ] 2016-10-04 12:12:12.610 [main] FolderStorageModule - Connected to the database.
[INFO ] 2016-10-04 12:12:12.751 [main] FolderStorageModuleTest - Starting test [updateDirectoryTest_InvalidSameValueArgument]
[INFO ] 2016-10-04 12:12:12.751 [main] MailStorageModuleTest - Seeding
[INFO ] 2016-10-04 12:12:12.766 [main] FolderStorageModule - Connected to the database.
[INFO ] 2016-10-04 12:12:12.892 [main] FolderStorageModuleTest - Starting test [updateDirectoryTest_InvalidArgument]
[INFO ] 2016-10-04 12:12:12.892 [main] MailStorageModuleTest - Seeding
[INFO ] 2016-10-04 12:12:12.907 [main] FolderStorageModule - Connected to the database.
[INFO ] 2016-10-04 12:12:13.063 [main] FolderStorageModuleTest - Starting test [createDirectoryTest_DuplicateDir]
[INFO ] 2016-10-04 12:12:13.063 [main] MailStorageModuleTest - Seeding
[INFO ] 2016-10-04 12:12:13.079 [main] FolderStorageModule - Connected to the database.
[INFO ] 2016-10-04 12:12:13.204 [main] FolderStorageModule - Connected to the database.
[ERROR] 2016-10-04 12:12:13.220 [main] FolderStorageModule - Such directory already exists
com.mysql.jdbc.exceptions.jdbc4.MySQLIntegrityConstraintViolationException: Duplicate entry 'new' for key 'name'
	at sun.reflect.NativeConstructorAccessorImpl.newInstance0(Native Method) ~[?:1.8.0_102]
	at sun.reflect.NativeConstructorAccessorImpl.newInstance(NativeConstructorAccessorImpl.java:62) ~[?:1.8.0_102]
	at sun.reflect.DelegatingConstructorAccessorImpl.newInstance(DelegatingConstructorAccessorImpl.java:45) ~[?:1.8.0_102]
	at java.lang.reflect.Constructor.newInstance(Constructor.java:423) ~[?:1.8.0_102]
	at com.mysql.jdbc.Util.handleNewInstance(Util.java:404) ~[mysql-connector-java-5.1.39.jar:5.1.39]
	at com.mysql.jdbc.Util.getInstance(Util.java:387) ~[mysql-connector-java-5.1.39.jar:5.1.39]
	at com.mysql.jdbc.SQLError.createSQLException(SQLError.java:934) ~[mysql-connector-java-5.1.39.jar:5.1.39]
	at com.mysql.jdbc.MysqlIO.checkErrorPacket(MysqlIO.java:3966) ~[mysql-connector-java-5.1.39.jar:5.1.39]
	at com.mysql.jdbc.MysqlIO.checkErrorPacket(MysqlIO.java:3902) ~[mysql-connector-java-5.1.39.jar:5.1.39]
	at com.mysql.jdbc.MysqlIO.sendCommand(MysqlIO.java:2526) ~[mysql-connector-java-5.1.39.jar:5.1.39]
	at com.mysql.jdbc.MysqlIO.sqlQueryDirect(MysqlIO.java:2673) ~[mysql-connector-java-5.1.39.jar:5.1.39]
	at com.mysql.jdbc.ConnectionImpl.execSQL(ConnectionImpl.java:2549) ~[mysql-connector-java-5.1.39.jar:5.1.39]
	at com.mysql.jdbc.PreparedStatement.executeInternal(PreparedStatement.java:1861) ~[mysql-connector-java-5.1.39.jar:5.1.39]
	at com.mysql.jdbc.PreparedStatement.executeUpdateInternal(PreparedStatement.java:2073) ~[mysql-connector-java-5.1.39.jar:5.1.39]
	at com.mysql.jdbc.PreparedStatement.executeUpdateInternal(PreparedStatement.java:2009) ~[mysql-connector-java-5.1.39.jar:5.1.39]
	at com.mysql.jdbc.PreparedStatement.executeLargeUpdate(PreparedStatement.java:5098) ~[mysql-connector-java-5.1.39.jar:5.1.39]
	at com.mysql.jdbc.PreparedStatement.executeUpdate(PreparedStatement.java:1994) ~[mysql-connector-java-5.1.39.jar:5.1.39]
	at ashulzhenko.emailapp.data.FolderStorageModule.createDirectory(FolderStorageModule.java:56) [classes/:?]
	at ashulzhenko.emailapp.data.FolderStorageModuleTest.createDirectoryTest_DuplicateDir(FolderStorageModuleTest.java:56) [test-classes/:?]
	at sun.reflect.NativeMethodAccessorImpl.invoke0(Native Method) ~[?:1.8.0_102]
	at sun.reflect.NativeMethodAccessorImpl.invoke(NativeMethodAccessorImpl.java:62) ~[?:1.8.0_102]
	at sun.reflect.DelegatingMethodAccessorImpl.invoke(DelegatingMethodAccessorImpl.java:43) ~[?:1.8.0_102]
	at java.lang.reflect.Method.invoke(Method.java:498) ~[?:1.8.0_102]
	at org.junit.runners.model.FrameworkMethod$1.runReflectiveCall(FrameworkMethod.java:50) [junit-4.12.jar:4.12]
	at org.junit.internal.runners.model.ReflectiveCallable.run(ReflectiveCallable.java:12) [junit-4.12.jar:4.12]
	at org.junit.runners.model.FrameworkMethod.invokeExplosively(FrameworkMethod.java:47) [junit-4.12.jar:4.12]
	at org.junit.internal.runners.statements.InvokeMethod.evaluate(InvokeMethod.java:17) [junit-4.12.jar:4.12]
	at org.junit.internal.runners.statements.ExpectException.evaluate(ExpectException.java:19) [junit-4.12.jar:4.12]
	at org.junit.internal.runners.statements.RunBefores.evaluate(RunBefores.java:26) [junit-4.12.jar:4.12]
	at org.junit.rules.TestWatcher$1.evaluate(TestWatcher.java:55) [junit-4.12.jar:4.12]
	at org.junit.rules.RunRules.evaluate(RunRules.java:20) [junit-4.12.jar:4.12]
	at org.junit.runners.ParentRunner.runLeaf(ParentRunner.java:325) [junit-4.12.jar:4.12]
	at org.junit.runners.BlockJUnit4ClassRunner.runChild(BlockJUnit4ClassRunner.java:78) [junit-4.12.jar:4.12]
	at org.junit.runners.BlockJUnit4ClassRunner.runChild(BlockJUnit4ClassRunner.java:57) [junit-4.12.jar:4.12]
	at org.junit.runners.ParentRunner$3.run(ParentRunner.java:290) [junit-4.12.jar:4.12]
	at org.junit.runners.ParentRunner$1.schedule(ParentRunner.java:71) [junit-4.12.jar:4.12]
	at org.junit.runners.ParentRunner.runChildren(ParentRunner.java:288) [junit-4.12.jar:4.12]
	at org.junit.runners.ParentRunner.access$000(ParentRunner.java:58) [junit-4.12.jar:4.12]
	at org.junit.runners.ParentRunner$2.evaluate(ParentRunner.java:268) [junit-4.12.jar:4.12]
	at org.junit.runners.ParentRunner.run(ParentRunner.java:363) [junit-4.12.jar:4.12]
	at org.apache.maven.surefire.junit4.JUnit4Provider.execute(JUnit4Provider.java:367) [surefire-junit4-2.19.1.jar:2.19.1]
	at org.apache.maven.surefire.junit4.JUnit4Provider.executeWithRerun(JUnit4Provider.java:274) [surefire-junit4-2.19.1.jar:2.19.1]
	at org.apache.maven.surefire.junit4.JUnit4Provider.executeTestSet(JUnit4Provider.java:238) [surefire-junit4-2.19.1.jar:2.19.1]
	at org.apache.maven.surefire.junit4.JUnit4Provider.invoke(JUnit4Provider.java:161) [surefire-junit4-2.19.1.jar:2.19.1]
	at org.apache.maven.surefire.booter.ForkedBooter.invokeProviderInSameClassLoader(ForkedBooter.java:290) [surefire-booter-2.19.1.jar:2.19.1]
	at org.apache.maven.surefire.booter.ForkedBooter.runSuitesInProcess(ForkedBooter.java:242) [surefire-booter-2.19.1.jar:2.19.1]
	at org.apache.maven.surefire.booter.ForkedBooter.main(ForkedBooter.java:121) [surefire-booter-2.19.1.jar:2.19.1]
[INFO ] 2016-10-04 12:12:13.251 [main] PropertiesManagerTest - Starting test [testWriteText]
